Using pre-set license
Built from '2020.3/staging' branch; Version is '2020.3.26f1 (7298b473bc1a) revision 7510196'; Using compiler version '192528614'; Build Type 'Release'
OS: 'Windows 10  (10.0.19045) 64bit Education' Language: 'en' Physical Memory: 16302 MB
BatchMode: 1, IsHumanControllingUs: 0, StartBugReporterOnCrash: 0, Is64bit: 1, IsPro: 0

COMMAND LINE ARGUMENTS:
C:\Program Files\Unity\Hub\Editor\2020.3.26f1\Editor\Unity.exe
-adb2
-batchMode
-noUpm
-name
AssetImportWorker0
-projectPath
D:/Projects/RenderScene
-logFile
Logs/AssetImportWorker0.log
-srvPort
2146
Successfully changed project path to: D:/Projects/RenderScene
D:/Projects/RenderScene
Using Asset Import Pipeline V2.
Refreshing native plugins compatible for Editor in 29.50 ms, found 2 plugins.
Preloading 0 native plugins for Editor in 0.00 ms.
Initialize engine version: 2020.3.26f1 (7298b473bc1a)
[Subsystems] Discovering subsystems at path C:/Program Files/Unity/Hub/Editor/2020.3.26f1/Editor/Data/Resources/UnitySubsystems
[Subsystems] Discovering subsystems at path D:/Projects/RenderScene/Assets
GfxDevice: creating device client; threaded=0
Direct3D:
    Version:  Direct3D 11.0 [level 11.1]
    Renderer: Radeon RX 570 Series (ID=0x67df)
    Vendor:   
    VRAM:     4074 MB
    Driver:   31.0.12027.7000
Initialize mono
Mono path[0] = 'C:/Program Files/Unity/Hub/Editor/2020.3.26f1/Editor/Data/Managed'
Mono path[1] = 'C:/Program Files/Unity/Hub/Editor/2020.3.26f1/Editor/Data/MonoBleedingEdge/lib/mono/unityjit'
Mono config path = 'C:/Program Files/Unity/Hub/Editor/2020.3.26f1/Editor/Data/MonoBleedingEdge/etc'
Using monoOptions --debugger-agent=transport=dt_socket,embedding=1,server=y,suspend=n,address=127.0.0.1:56308
Begin MonoManager ReloadAssembly
Registering precompiled unity dll's ...
Register platform support module: C:/Program Files/Unity/Hub/Editor/2020.3.26f1/Editor/Data/PlaybackEngines/WebGLSupport/UnityEditor.WebGL.Extensions.dll
Register platform support module: C:/Program Files/Unity/Hub/Editor/2020.3.26f1/Editor/Data/PlaybackEngines/WindowsStandaloneSupport/UnityEditor.WindowsStandalone.Extensions.dll
Registered in 0.002395 seconds.
Native extension for WindowsStandalone target not found
Native extension for WebGL target not found
Refreshing native plugins compatible for Editor in 28.91 ms, found 2 plugins.
Preloading 0 native plugins for Editor in 0.00 ms.
Mono: successfully reloaded assembly
- Completed reload, in  0.576 seconds
Domain Reload Profiling:
	ReloadAssembly (576ms)
		BeginReloadAssembly (57ms)
			ExecutionOrderSort (0ms)
			DisableScriptedObjects (0ms)
			BackupInstance (0ms)
			ReleaseScriptingObjects (0ms)
			CreateAndSetChildDomain (1ms)
		EndReloadAssembly (446ms)
			LoadAssemblies (55ms)
			RebuildTransferFunctionScriptingTraits (0ms)
			SetupTypeCache (150ms)
			ReleaseScriptCaches (0ms)
			RebuildScriptCaches (35ms)
			SetupLoadedEditorAssemblies (165ms)
				LogAssemblyErrors (0ms)
				InitializePlatformSupportModulesInManaged (5ms)
				SetLoadedEditorAssemblies (0ms)
				RefreshPlugins (29ms)
				BeforeProcessingInitializeOnLoad (15ms)
				ProcessInitializeOnLoadAttributes (87ms)
				ProcessInitializeOnLoadMethodAttributes (27ms)
				AfterProcessingInitializeOnLoad (0ms)
				EditorAssembliesLoaded (0ms)
			ExecutionOrderSort2 (0ms)
			AwakeInstancesAfterBackupRestoration (0ms)
Platform modules already initialized, skipping
Registering precompiled user dll's ...
Registered in 0.003927 seconds.
Begin MonoManager ReloadAssembly
Native extension for WindowsStandalone target not found
Native extension for WebGL target not found
Refreshing native plugins compatible for Editor in 0.32 ms, found 2 plugins.
Preloading 0 native plugins for Editor in 0.00 ms.
Mono: successfully reloaded assembly
- Completed reload, in  1.011 seconds
Domain Reload Profiling:
	ReloadAssembly (1011ms)
		BeginReloadAssembly (144ms)
			ExecutionOrderSort (0ms)
			DisableScriptedObjects (5ms)
			BackupInstance (0ms)
			ReleaseScriptingObjects (0ms)
			CreateAndSetChildDomain (19ms)
		EndReloadAssembly (807ms)
			LoadAssemblies (82ms)
			RebuildTransferFunctionScriptingTraits (0ms)
			SetupTypeCache (275ms)
			ReleaseScriptCaches (0ms)
			RebuildScriptCaches (47ms)
			SetupLoadedEditorAssemblies (313ms)
				LogAssemblyErrors (0ms)
				InitializePlatformSupportModulesInManaged (6ms)
				SetLoadedEditorAssemblies (1ms)
				RefreshPlugins (0ms)
				BeforeProcessingInitializeOnLoad (83ms)
				ProcessInitializeOnLoadAttributes (208ms)
				ProcessInitializeOnLoadMethodAttributes (9ms)
				AfterProcessingInitializeOnLoad (6ms)
				EditorAssembliesLoaded (0ms)
			ExecutionOrderSort2 (0ms)
			AwakeInstancesAfterBackupRestoration (6ms)
Platform modules already initialized, skipping
========================================================================
Worker process is ready to serve import requests
Launched and connected shader compiler UnityShaderCompiler.exe after 0.08 seconds
Refreshing native plugins compatible for Editor in 0.31 ms, found 2 plugins.
Preloading 0 native plugins for Editor in 0.00 ms.
Unloading 1503 Unused Serialized files (Serialized files now loaded: 0)
System memory in use before: 67.5 MB.
System memory in use after: 67.5 MB.

Unloading 19 unused Assets to reduce memory usage. Loaded Objects now: 1935.
Total: 2.538600 ms (FindLiveObjects: 0.139200 ms CreateObjectMapping: 0.051000 ms MarkObjects: 2.279000 ms  DeleteObjects: 0.068200 ms)

AssetImportParameters requested are different than current active one (requested -> active):
  custom:framework-win-MediaFoundation: 216162199b28c13a410421893ffa2e32 -> 
  custom:video-decoder-ogg-theora: a1e56fd34408186e4bbccfd4996cb3dc -> 
  custom:container-muxer-webm: aa71ff27fc2769a1b78a27578f13a17b -> 
  custom:container-demuxer-webm: 4f35f7cbe854078d1ac9338744f61a02 -> 
  custom:container-demuxer-ogg: 62fdf1f143b41e24485cea50d1cbac27 -> 
  custom:video-encoder-webm-vp8: eb34c28f22e8b96e1ab97ce403110664 -> 
  custom:video-decoder-webm-vp8: 9c59270c3fd7afecdb556c50c9e8de78 -> 
  custom:audio-decoder-ogg-vorbis: bf7c407c2cedff20999df2af8eb42d56 -> 
  custom:audio-encoder-webm-vorbis: bf7c407c2cedff20999df2af8eb42d56 -> 
========================================================================
Received Import Request.
  path: Assets
  artifactKey: Guid(00000000000000001000000000000000) Importer(815301076,1909f56bfc062723c751e8b465ee728b)
Start importing Assets using Guid(00000000000000001000000000000000) Importer(815301076,1909f56bfc062723c751e8b465ee728b)  -> (artifact id: '42d402b061de3733987d63b9cc3b64de') in 0.009916 seconds 
  Import took 0.012069 seconds .

========================================================================
Received Import Request.
  Time since last request: 16.489374 seconds.
  path: Assets/Scenes/SampleScene.unity
  artifactKey: Guid(9fc0d4010bbf28b4594072e72b8655ab) Importer(815301076,1909f56bfc062723c751e8b465ee728b)
Start importing Assets/Scenes/SampleScene.unity using Guid(9fc0d4010bbf28b4594072e72b8655ab) Importer(815301076,1909f56bfc062723c751e8b465ee728b)  -> (artifact id: '85059f4f9e1a832ed95adaa0d25c5c4c') in 0.027560 seconds 
  Import took 0.029720 seconds .

========================================================================
Received Import Request.
  Time since last request: 29.284073 seconds.
  path: Assets/Scenes
  artifactKey: Guid(8fe6ef09a6d54594286e1c928c8dcca3) Importer(815301076,1909f56bfc062723c751e8b465ee728b)
Start importing Assets/Scenes using Guid(8fe6ef09a6d54594286e1c928c8dcca3) Importer(815301076,1909f56bfc062723c751e8b465ee728b)  -> (artifact id: '2ed8c13e4beec262c32e7128c19fd0f9') in 0.013415 seconds 
  Import took 0.016341 seconds .

========================================================================
Received Import Request.
  Time since last request: 58.358343 seconds.
  path: Assets/Scenes/Scene.blend
  artifactKey: Guid(597f2f2926a4b6d43ab865c30494aeed) Importer(815301076,1909f56bfc062723c751e8b465ee728b)
Start importing Assets/Scenes/Scene.blend using Guid(597f2f2926a4b6d43ab865c30494aeed) Importer(815301076,1909f56bfc062723c751e8b465ee728b)  -> (artifact id: 'ea9c0a521c8b426a39464fb1c816215f') in 1.087429 seconds 
  Import took 1.090956 seconds .

========================================================================
Received Import Request.
  Time since last request: 44.056351 seconds.
  path: Assets/Scenes/Scene.blend
  artifactKey: Guid(597f2f2926a4b6d43ab865c30494aeed) Importer(815301076,1909f56bfc062723c751e8b465ee728b)
Start importing Assets/Scenes/Scene.blend using Guid(597f2f2926a4b6d43ab865c30494aeed) Importer(815301076,1909f56bfc062723c751e8b465ee728b)  -> (artifact id: '0986336e8d811ce93322c1a21a487f58') in 0.742481 seconds 
  Import took 0.745948 seconds .

========================================================================
Received Import Request.
  Time since last request: 4.748994 seconds.
  path: Assets/Scenes/Scene.blend1
  artifactKey: Guid(3d68e893e443a694688d94c4ae6b1fdd) Importer(815301076,1909f56bfc062723c751e8b465ee728b)
Start importing Assets/Scenes/Scene.blend1 using Guid(3d68e893e443a694688d94c4ae6b1fdd) Importer(815301076,1909f56bfc062723c751e8b465ee728b)  -> (artifact id: '82828c0c775a2c2ccb1737a8d1ed6535') in 0.018634 seconds 
  Import took 0.021190 seconds .

========================================================================
Received Import Request.
  Time since last request: 10.418292 seconds.
  path: Assets/Textures/gun lum.jpg
  artifactKey: Guid(91c0b96b3f173de418de8faf3ac99f5b) Importer(815301076,1909f56bfc062723c751e8b465ee728b)
Start importing Assets/Textures/gun lum.jpg using Guid(91c0b96b3f173de418de8faf3ac99f5b) Importer(815301076,1909f56bfc062723c751e8b465ee728b)  -> (artifact id: '10ef1e1a3d0db95c3ca55356f2b63b4a') in 0.065836 seconds 
  Import took 0.068209 seconds .

========================================================================
Received Import Request.
  Time since last request: 0.000274 seconds.
  path: Assets/Textures/T_Samus_Face.bmp
  artifactKey: Guid(e458fbd6f0ba0454592f5d9c337241cc) Importer(815301076,1909f56bfc062723c751e8b465ee728b)
Start importing Assets/Textures/T_Samus_Face.bmp using Guid(e458fbd6f0ba0454592f5d9c337241cc) Importer(815301076,1909f56bfc062723c751e8b465ee728b)  -> (artifact id: '9aa179d4429de54c94a944744dc96f4d') in 0.016430 seconds 
  Import took 0.018686 seconds .

========================================================================
Received Import Request.
  Time since last request: 0.000222 seconds.
  path: Assets/Textures/T_samus_gun_inside.bmp
  artifactKey: Guid(02185f273bb2d0442b4c8386beade91c) Importer(815301076,1909f56bfc062723c751e8b465ee728b)
Start importing Assets/Textures/T_samus_gun_inside.bmp using Guid(02185f273bb2d0442b4c8386beade91c) Importer(815301076,1909f56bfc062723c751e8b465ee728b)  -> (artifact id: 'bfda0afe22c76fc6a68a3e9975a5e0b6') in 0.014773 seconds 
  Import took 0.016998 seconds .

========================================================================
Received Import Request.
  Time since last request: 0.000277 seconds.
  path: Assets/Textures/T_samus_s_joint.bmp
  artifactKey: Guid(94ff973fa9d64d047ad30a68505e89cf) Importer(815301076,1909f56bfc062723c751e8b465ee728b)
Start importing Assets/Textures/T_samus_s_joint.bmp using Guid(94ff973fa9d64d047ad30a68505e89cf) Importer(815301076,1909f56bfc062723c751e8b465ee728b)  -> (artifact id: '687ce3c694cf5a22c798521127cdf3da') in 0.015056 seconds 
  Import took 0.017266 seconds .

========================================================================
Received Import Request.
  Time since last request: 0.000221 seconds.
  path: Assets/Textures/T_Samus_trim.bmp
  artifactKey: Guid(deece1f711afc39438c84d3f5e9fcbee) Importer(815301076,1909f56bfc062723c751e8b465ee728b)
Start importing Assets/Textures/T_Samus_trim.bmp using Guid(deece1f711afc39438c84d3f5e9fcbee) Importer(815301076,1909f56bfc062723c751e8b465ee728b)  -> (artifact id: '8ff938482f2edbe27d5452e237b44e80') in 0.013790 seconds 
  Import took 0.016037 seconds .

========================================================================
Received Import Request.
  Time since last request: 0.000261 seconds.
  path: Assets/Textures/WallpaperDog-5560302.jpg
  artifactKey: Guid(d6b3f4d568f84774ea834c2ceab36e71) Importer(815301076,1909f56bfc062723c751e8b465ee728b)
Start importing Assets/Textures/WallpaperDog-5560302.jpg using Guid(d6b3f4d568f84774ea834c2ceab36e71) Importer(815301076,1909f56bfc062723c751e8b465ee728b)  -> (artifact id: '514f7da3cc542cbb72a268bf8a23965c') in 0.016398 seconds 
  Import took 0.018656 seconds .

========================================================================
Received Import Request.
  Time since last request: 0.000199 seconds.
  path: Assets/Textures/T_Kermit_Eye.png
  artifactKey: Guid(eeb4f640d3d5b9a4a8f2e953b21ae45b) Importer(815301076,1909f56bfc062723c751e8b465ee728b)
Start importing Assets/Textures/T_Kermit_Eye.png using Guid(eeb4f640d3d5b9a4a8f2e953b21ae45b) Importer(815301076,1909f56bfc062723c751e8b465ee728b)  -> (artifact id: '2cbac80f2446b5e967299e730f31e57d') in 0.016674 seconds 
  Import took 0.019088 seconds .

========================================================================
Received Import Request.
  Time since last request: 0.000267 seconds.
  path: Assets/Textures/T_Kermit_Bumb.jpg
  artifactKey: Guid(2330c418e1861bb40a4bf3b73903cd30) Importer(815301076,1909f56bfc062723c751e8b465ee728b)
Start importing Assets/Textures/T_Kermit_Bumb.jpg using Guid(2330c418e1861bb40a4bf3b73903cd30) Importer(815301076,1909f56bfc062723c751e8b465ee728b)  -> (artifact id: '0121112507164a12623a24813461589e') in 0.018010 seconds 
  Import took 0.020766 seconds .

========================================================================
Received Import Request.
  Time since last request: 0.000261 seconds.
  path: Assets/Textures/T_samus_body.bmp
  artifactKey: Guid(454f3509a12cb0f48a9173fc2019cccf) Importer(815301076,1909f56bfc062723c751e8b465ee728b)
Start importing Assets/Textures/T_samus_body.bmp using Guid(454f3509a12cb0f48a9173fc2019cccf) Importer(815301076,1909f56bfc062723c751e8b465ee728b)  -> (artifact id: 'cc841c5a6c783a39201e32ab7a7dd715') in 0.016675 seconds 
  Import took 0.019061 seconds .

========================================================================
Received Import Request.
  Time since last request: 0.000191 seconds.
  path: Assets/Textures/lum.jpg
  artifactKey: Guid(d6af6aba36ddfd94ab94cd8b1fd80c6d) Importer(815301076,1909f56bfc062723c751e8b465ee728b)
Start importing Assets/Textures/lum.jpg using Guid(d6af6aba36ddfd94ab94cd8b1fd80c6d) Importer(815301076,1909f56bfc062723c751e8b465ee728b)  -> (artifact id: 'ffef1bc4d4b8a96530e90a9f2ac9096f') in 0.015578 seconds 
  Import took 0.017879 seconds .

========================================================================
Received Import Request.
  Time since last request: 0.000228 seconds.
  path: Assets/Textures/T_Kermit_Skin.jpg
  artifactKey: Guid(3c522aaa6863a674da74e57da8e1401b) Importer(815301076,1909f56bfc062723c751e8b465ee728b)
Start importing Assets/Textures/T_Kermit_Skin.jpg using Guid(3c522aaa6863a674da74e57da8e1401b) Importer(815301076,1909f56bfc062723c751e8b465ee728b)  -> (artifact id: '0559297a61bca95d358dd43179beb565') in 0.015431 seconds 
  Import took 0.017760 seconds .

========================================================================
Received Import Request.
  Time since last request: 0.000188 seconds.
  path: Assets/Textures/T_samus_gun_muzzle.bmp
  artifactKey: Guid(226f979a52d4af84abd4627a9f38fc2e) Importer(815301076,1909f56bfc062723c751e8b465ee728b)
Start importing Assets/Textures/T_samus_gun_muzzle.bmp using Guid(226f979a52d4af84abd4627a9f38fc2e) Importer(815301076,1909f56bfc062723c751e8b465ee728b)  -> (artifact id: '5066c5efa36b424d55a3c7320648883c') in 0.014963 seconds 
  Import took 0.017161 seconds .

========================================================================
Received Import Request.
  Time since last request: 0.000189 seconds.
  path: Assets/Textures/T_samus_body_color.bmp
  artifactKey: Guid(079eedfc6f604eb4d8a9079761cdc3e8) Importer(815301076,1909f56bfc062723c751e8b465ee728b)
Start importing Assets/Textures/T_samus_body_color.bmp using Guid(079eedfc6f604eb4d8a9079761cdc3e8) Importer(815301076,1909f56bfc062723c751e8b465ee728b)  -> (artifact id: 'f94cff03a03e121072b45159fae20e6e') in 0.013249 seconds 
  Import took 0.015590 seconds .

========================================================================
Received Import Request.
  Time since last request: 0.000166 seconds.
  path: Assets/Textures/T_Kermit_Throat.png
  artifactKey: Guid(a9de5a595e6fc414f87fc0e17cf97963) Importer(815301076,1909f56bfc062723c751e8b465ee728b)
Start importing Assets/Textures/T_Kermit_Throat.png using Guid(a9de5a595e6fc414f87fc0e17cf97963) Importer(815301076,1909f56bfc062723c751e8b465ee728b)  -> (artifact id: '6c93a3d34565e2272c2e609e5cfab367') in 0.014927 seconds 
  Import took 0.017290 seconds .

========================================================================
Received Import Request.
  Time since last request: 0.000163 seconds.
  path: Assets/Textures/T_samus_Green.bmp
  artifactKey: Guid(1fa041f726b737f448d88099649d2ad2) Importer(815301076,1909f56bfc062723c751e8b465ee728b)
Start importing Assets/Textures/T_samus_Green.bmp using Guid(1fa041f726b737f448d88099649d2ad2) Importer(815301076,1909f56bfc062723c751e8b465ee728b)  -> (artifact id: 'd1a6ceea771a15fae85501832b7b4e62') in 0.017430 seconds 
  Import took 0.021518 seconds .

========================================================================
Received Import Request.
  Time since last request: 0.000240 seconds.
  path: Assets/Textures/T_samus_gun_trim.bmp
  artifactKey: Guid(f7160299c187f764bbe4fb01b129f80e) Importer(815301076,1909f56bfc062723c751e8b465ee728b)
Start importing Assets/Textures/T_samus_gun_trim.bmp using Guid(f7160299c187f764bbe4fb01b129f80e) Importer(815301076,1909f56bfc062723c751e8b465ee728b)  -> (artifact id: '7b265bfafb13925d631fc6ccf7c11e21') in 0.085020 seconds 
  Import took 0.089368 seconds .

========================================================================
Received Import Request.
  Time since last request: 0.000197 seconds.
  path: Assets/Textures/T_samus_gun_body.bmp
  artifactKey: Guid(2fe5486d32e64f3469ed92791ed9cd03) Importer(815301076,1909f56bfc062723c751e8b465ee728b)
Start importing Assets/Textures/T_samus_gun_body.bmp using Guid(2fe5486d32e64f3469ed92791ed9cd03) Importer(815301076,1909f56bfc062723c751e8b465ee728b)  -> (artifact id: 'e6f81bbc44fdf635055ae53499fb4cc3') in 0.030987 seconds 
  Import took 0.035678 seconds .

========================================================================
Received Import Request.
  Time since last request: 36.250994 seconds.
  path: Assets/Textures
  artifactKey: Guid(e1730cb3bd75efa4bb4a4d2bb074c5e0) Importer(815301076,1909f56bfc062723c751e8b465ee728b)
Start importing Assets/Textures using Guid(e1730cb3bd75efa4bb4a4d2bb074c5e0) Importer(815301076,1909f56bfc062723c751e8b465ee728b)  -> (artifact id: '8880d128caae161eb9fbc8880365790b') in 0.018012 seconds 
  Import took 0.020344 seconds .

========================================================================
Received Import Request.
  Time since last request: 38.185181 seconds.
  path: Assets/Scene.blend
  artifactKey: Guid(597f2f2926a4b6d43ab865c30494aeed) Importer(815301076,1909f56bfc062723c751e8b465ee728b)
Start importing Assets/Scene.blend using Guid(597f2f2926a4b6d43ab865c30494aeed) Importer(815301076,1909f56bfc062723c751e8b465ee728b)  -> (artifact id: '1483e636411066237b1c67321cc51d1b') in 0.199632 seconds 
  Import took 0.203265 seconds .

========================================================================
Received Prepare
Registering precompiled user dll's ...
Registered in 0.003746 seconds.
Begin MonoManager ReloadAssembly
Native extension for WindowsStandalone target not found
Native extension for WebGL target not found
Refreshing native plugins compatible for Editor in 0.33 ms, found 2 plugins.
Preloading 0 native plugins for Editor in 0.00 ms.
Mono: successfully reloaded assembly
- Completed reload, in  0.976 seconds
Domain Reload Profiling:
	ReloadAssembly (977ms)
		BeginReloadAssembly (116ms)
			ExecutionOrderSort (0ms)
			DisableScriptedObjects (4ms)
			BackupInstance (0ms)
			ReleaseScriptingObjects (0ms)
			CreateAndSetChildDomain (34ms)
		EndReloadAssembly (799ms)
			LoadAssemblies (85ms)
			RebuildTransferFunctionScriptingTraits (0ms)
			SetupTypeCache (279ms)
			ReleaseScriptCaches (1ms)
			RebuildScriptCaches (43ms)
			SetupLoadedEditorAssemblies (298ms)
				LogAssemblyErrors (0ms)
				InitializePlatformSupportModulesInManaged (6ms)
				SetLoadedEditorAssemblies (0ms)
				RefreshPlugins (0ms)
				BeforeProcessingInitializeOnLoad (77ms)
				ProcessInitializeOnLoadAttributes (199ms)
				ProcessInitializeOnLoadMethodAttributes (8ms)
				AfterProcessingInitializeOnLoad (7ms)
				EditorAssembliesLoaded (0ms)
			ExecutionOrderSort2 (0ms)
			AwakeInstancesAfterBackupRestoration (7ms)
Platform modules already initialized, skipping
Refreshing native plugins compatible for Editor in 0.32 ms, found 2 plugins.
Preloading 0 native plugins for Editor in 0.00 ms.
Unloading 1497 Unused Serialized files (Serialized files now loaded: 0)
System memory in use before: 84.6 MB.
System memory in use after: 84.7 MB.

Unloading 14 unused Assets to reduce memory usage. Loaded Objects now: 1985.
Total: 2.518800 ms (FindLiveObjects: 0.122400 ms CreateObjectMapping: 0.046500 ms MarkObjects: 2.330500 ms  DeleteObjects: 0.018400 ms)

AssetImportParameters requested are different than current active one (requested -> active):
  custom:framework-win-MediaFoundation: 216162199b28c13a410421893ffa2e32 -> 
  custom:video-decoder-ogg-theora: a1e56fd34408186e4bbccfd4996cb3dc -> 
  custom:container-muxer-webm: aa71ff27fc2769a1b78a27578f13a17b -> 
  custom:container-demuxer-webm: 4f35f7cbe854078d1ac9338744f61a02 -> 
  custom:container-demuxer-ogg: 62fdf1f143b41e24485cea50d1cbac27 -> 
  custom:video-encoder-webm-vp8: eb34c28f22e8b96e1ab97ce403110664 -> 
  custom:video-decoder-webm-vp8: 9c59270c3fd7afecdb556c50c9e8de78 -> 
  custom:audio-decoder-ogg-vorbis: bf7c407c2cedff20999df2af8eb42d56 -> 
  custom:audio-encoder-webm-vorbis: bf7c407c2cedff20999df2af8eb42d56 -> 
AssetImportWorkerClient::OnTransportError - code=2 error=End of file
